<?xml version="1.0" encoding="UTF-8"?>
<!-- Generated by org.testng.reporters.JUnitXMLReporter -->
<testsuite hostname="Dell123" ignored="0" name="Test" tests="4" failures="0" timestamp="2026-07-05T13:22:35 IST" time="11.999" errors="0">
  <testcase name="testPostUser" time="4.476" classname="api.test.UserTest1"/>
  <testcase name="testGetUserByName" time="1.668" classname="api.test.UserTest1"/>
  <testcase name="testupdateUserByName" time="3.07" classname="api.test.UserTest1"/>
  <testcase name="testDeleteUserByName" time="1.528" classname="api.test.UserTest1"/>
</testsuite> <!-- Test -->
