<?xml version="1.0" encoding="UTF-8"?>
<testng-results skipped="0" failed="0" ignored="0" total="4" passed="4">
  <reporter-output>
  </reporter-output>
  <suite name="Suite" duration-ms="11999" started-at="2026-07-05T13:22:23 IST" finished-at="2026-07-05T13:22:35 IST">
    <groups>
    </groups>
    <test name="Test" duration-ms="11999" started-at="2026-07-05T13:22:23 IST" finished-at="2026-07-05T13:22:35 IST">
      <class name="api.test.UserTest1">
        <test-method status="PASS" signature="setUpData()[pri:0, instance:api.test.UserTest1@ed9d034]" name="setUpData" is-config="true" duration-ms="513" started-at="2026-07-05T13:22:24 IST" finished-at="2026-07-05T13:22:24 IST">
          <reporter-output>
          </reporter-output>
        </test-method> <!-- setUpData -->
        <test-method status="PASS" signature="testPostUser()[pri:1, instance:api.test.UserTest1@ed9d034]" name="testPostUser" duration-ms="4476" started-at="2026-07-05T13:22:24 IST" finished-at="2026-07-05T13:22:29 IST">
          <reporter-output>
          </reporter-output>
        </test-method> <!-- testPostUser -->
        <test-method status="PASS" signature="testGetUserByName()[pri:2, instance:api.test.UserTest1@ed9d034]" name="testGetUserByName" duration-ms="1668" started-at="2026-07-05T13:22:29 IST" finished-at="2026-07-05T13:22:31 IST">
          <reporter-output>
          </reporter-output>
        </test-method> <!-- testGetUserByName -->
        <test-method status="PASS" signature="testupdateUserByName()[pri:3, instance:api.test.UserTest1@ed9d034]" name="testupdateUserByName" duration-ms="3070" started-at="2026-07-05T13:22:31 IST" finished-at="2026-07-05T13:22:34 IST">
          <reporter-output>
          </reporter-output>
        </test-method> <!-- testupdateUserByName -->
        <test-method status="PASS" signature="testDeleteUserByName()[pri:4, instance:api.test.UserTest1@ed9d034]" name="testDeleteUserByName" duration-ms="1528" started-at="2026-07-05T13:22:34 IST" finished-at="2026-07-05T13:22:35 IST">
          <reporter-output>
          </reporter-output>
        </test-method> <!-- testDeleteUserByName -->
      </class> <!-- api.test.UserTest1 -->
    </test> <!-- Test -->
  </suite> <!-- Suite -->
</testng-results>
