<?xml version="1.0" encoding="UTF-8"?>
<!-- Generated by org.testng.reporters.JUnitReportReporter -->
<testsuite skipped="0" hostname="Dell123" name="api.test.UserTest1" tests="4" failures="0" timestamp="2026-07-05T13:22:36 IST" time="10.742" errors="0">
  <testcase name="testPostUser" time="4.476" classname="api.test.UserTest1"/>
  <system-out/>
  <testcase name="testGetUserByName" time="1.668" classname="api.test.UserTest1"/>
  <system-out/>
  <testcase name="testupdateUserByName" time="3.070" classname="api.test.UserTest1"/>
  <system-out/>
  <testcase name="testDeleteUserByName" time="1.528" classname="api.test.UserTest1"/>
  <system-out/>
</testsuite> <!-- api.test.UserTest1 -->
